0 info it worked if it ends with ok
1 verbose cli [ 'node', '/usr/local/bin/npm', 'run', 'js' ]
2 info using npm@1.4.28
3 info using node@v0.10.35
4 verbose run-script [ 'prejs', 'js', 'postjs' ]
5 info prejs nodetime@0.0.1
6 info js nodetime@0.0.1
7 verbose unsafe-perm in lifecycle true
8 info nodetime@0.0.1 Failed to exec js script
9 error nodetime@0.0.1 js: `rm dist/app.js && cp src/app.js dist/app.js && find src/** -type f -name '*.js' ! -name 'app.js' ! -name 'jquery.js' ! -name 'lodash.js' ! -name 'init.js' -print0 | sort -z | xargs -0 cat -- >>dist/app.js && cat src/js/init.js >> dist/app.js`
9 error Exit status 1
10 error Failed at the nodetime@0.0.1 js script.
10 error This is most likely a problem with the nodetime package,
10 error not with npm itself.
10 error Tell the author that this fails on your system:
10 error     rm dist/app.js && cp src/app.js dist/app.js && find src/** -type f -name '*.js' ! -name 'app.js' ! -name 'jquery.js' ! -name 'lodash.js' ! -name 'init.js' -print0 | sort -z | xargs -0 cat -- >>dist/app.js && cat src/js/init.js >> dist/app.js
10 error You can get their info via:
10 error     npm owner ls nodetime
10 error There is likely additional logging output above.
11 error System Darwin 14.0.0
12 error command "node" "/usr/local/bin/npm" "run" "js"
13 error cwd /Users/benroaman/TIY/nodetime
14 error node -v v0.10.35
15 error npm -v 1.4.28
16 error code ELIFECYCLE
17 verbose exit [ 1, true ]
